android/app/build__/intermediates/manifest_merge_blame_file/debug/manifest-merger-blame-debug-report.txt
1<?xml version="1.0" encoding="utf-8"?>
2<manifest xmlns:android="http://schemas.android.com/apk/res/android"
3    package="com.tinderreact"
4    android:versionCode="1"
5    android:versionName="1.0" >
6
7    <uses-sdk
8        android:minSdkVersion="16"
8-->src\main\AndroidManifest.xml
9        android:targetSdkVersion="26" />
9-->src\main\AndroidManifest.xml
10
11    <uses-permission android:name="android.permission.INTERNET" />
11-->src\main\AndroidManifest.xml:4:5-67
11-->src\main\AndroidManifest.xml:4:22-64
12    <uses-permission android:name="android.permission.SYSTEM_ALERT_WINDOW" />
12-->src\main\AndroidManifest.xml:5:5-77
12-->src\main\AndroidManifest.xml:5:22-75
13    <uses-permission android:name="android.permission.CAMERA" />
13-->src\main\AndroidManifest.xml:6:9-69
13-->src\main\AndroidManifest.xml:6:26-66
14    <uses-permission android:name="android.permission.WRITE_EXTERNAL_STORAGE" />
14-->src\main\AndroidManifest.xml:7:5-80
14-->src\main\AndroidManifest.xml:7:22-78
15
16    <uses-feature
16-->src\main\AndroidManifest.xml:8:6-86
17        android:name="android.hardware.camera"
17-->src\main\AndroidManifest.xml:8:20-58
18        android:required="false" />
18-->src\main\AndroidManifest.xml:8:59-83
19    <uses-feature
19-->src\main\AndroidManifest.xml:9:9-95
20        android:name="android.hardware.camera.front"
20-->src\main\AndroidManifest.xml:9:23-67
21        android:required="false" />
21-->src\main\AndroidManifest.xml:9:68-92
22
23    <application
23-->src\main\AndroidManifest.xml:12:5-29:19
24        android:name="com.tinderreact.MainApplication"
24-->src\main\AndroidManifest.xml:13:7-38
25        android:allowBackup="false"
25-->src\main\AndroidManifest.xml:16:7-34
26        android:appComponentFactory="androidx.core.app.CoreComponentFactory"
26-->[androidx.core:core:1.1.0] AndroidManifest.xml:24:18-86
27        android:debuggable="true"
28        android:icon="@mipmap/ic_launcher"
28-->src\main\AndroidManifest.xml:15:7-41
29        android:label="@string/app_name"
29-->src\main\AndroidManifest.xml:14:7-39
30        android:theme="@style/AppTheme" >
30-->src\main\AndroidManifest.xml:17:7-38
31        <activity
31-->src\main\AndroidManifest.xml:18:7-27:18
32            android:name="com.tinderreact.MainActivity"
32-->src\main\AndroidManifest.xml:19:9-37
33            android:configChanges="keyboard|keyboardHidden|orientation|screenSize"
33-->src\main\AndroidManifest.xml:21:9-79
34            android:label="@string/app_name"
34-->src\main\AndroidManifest.xml:20:9-41
35            android:windowSoftInputMode="adjustResize" >
35-->src\main\AndroidManifest.xml:22:9-51
36            <intent-filter>
36-->src\main\AndroidManifest.xml:23:9-26:25
37                <action android:name="android.intent.action.MAIN" />
37-->src\main\AndroidManifest.xml:24:13-65
37-->src\main\AndroidManifest.xml:24:21-62
38
39                <category android:name="android.intent.category.LAUNCHER" />
39-->src\main\AndroidManifest.xml:25:13-73
39-->src\main\AndroidManifest.xml:25:23-70
40            </intent-filter>
41        </activity>
42        <activity android:name="com.facebook.react.devsupport.DevSettingsActivity" />
42-->src\main\AndroidManifest.xml:28:7-84
42-->src\main\AndroidManifest.xml:28:17-81
43
44        <provider
44-->[:react-native-image-crop-picker] AndroidManifest.xml:13:9-21:20
45            android:name="androidx.core.content.FileProvider"
45-->[:react-native-image-crop-picker] AndroidManifest.xml:14:13-62
46            android:authorities="com.tinderreact.provider"
46-->[:react-native-image-crop-picker] AndroidManifest.xml:15:13-60
47            android:exported="false"
47-->[:react-native-image-crop-picker] AndroidManifest.xml:16:13-37
48            android:grantUriPermissions="true" >
48-->[:react-native-image-crop-picker] AndroidManifest.xml:17:13-47
49            <meta-data
49-->[:react-native-image-crop-picker] AndroidManifest.xml:18:13-20:58
50                android:name="android.support.FILE_PROVIDER_PATHS"
50-->[:react-native-image-crop-picker] AndroidManifest.xml:19:17-67
51                android:resource="@xml/provider_paths" />
51-->[:react-native-image-crop-picker] AndroidManifest.xml:20:17-55
52        </provider>
53
54        <activity
54-->[:react-native-image-crop-picker] AndroidManifest.xml:23:9-25:72
55            android:name="com.yalantis.ucrop.UCropActivity"
55-->[:react-native-image-crop-picker] AndroidManifest.xml:24:13-60
56            android:theme="@style/Theme.AppCompat.Light.NoActionBar" />
56-->[:react-native-image-crop-picker] AndroidManifest.xml:25:13-69
57
58        <provider
58-->[:react-native-image-picker] AndroidManifest.xml:10:9-18:20
59            android:name="com.imagepicker.FileProvider"
59-->[:react-native-image-picker] AndroidManifest.xml:11:13-56
60            android:authorities="com.tinderreact.provider"
60-->[:react-native-image-picker] AndroidManifest.xml:12:13-60
61            android:exported="false"
61-->[:react-native-image-picker] AndroidManifest.xml:13:13-37
62            android:grantUriPermissions="true" >
62-->[:react-native-image-picker] AndroidManifest.xml:14:13-47
63            <meta-data
63-->[:react-native-image-crop-picker] AndroidManifest.xml:18:13-20:58
64                android:name="android.support.FILE_PROVIDER_PATHS"
64-->[:react-native-image-crop-picker] AndroidManifest.xml:19:17-67
65                android:resource="@xml/provider_paths" />
65-->[:react-native-image-crop-picker] AndroidManifest.xml:20:17-55
66        </provider>
67    </application>
68
69</manifest>